14:15:20 INFO  : Processing command line option -hwspec /home/INTRA/rauno.padari/workspace/audio-mixer/vivado/audio-mixer.sdk/audio_mixer_wrapper.hdf.
14:15:26 INFO  : Launching XSDB server: xsdb -n -s /cad/x_15/SDK/2015.1/scripts/xsdb/xsdb/xsdb-server.tcl 2485
14:15:27 INFO  : XSDB server has started successfully.
14:15:50 INFO  : Connected to target on host '127.0.0.1' and port '3121'.
14:15:50 INFO  : 'targets -set -filter {jtag_cable_name =~ "Digilent Zed 210248518038" && level==0} -index 1' command is executed.
14:15:53 INFO  : FPGA configured successfully with bitstream "/home/INTRA/rauno.padari/workspace/audio-mixer/vivado/audio-mixer.sdk/audio_mixer_wrapper_hw_platform_0/audio_mixer_wrapper.bit"
14:16:27 INFO  : Connected to target on host '127.0.0.1' and port '3121'.
14:16:27 INFO  : 'targets -set -filter {jtag_cable_name =~ "Digilent Zed 210248518038" && level==0} -index 1' command is executed.
14:16:29 INFO  : FPGA configured successfully with bitstream "/home/INTRA/rauno.padari/workspace/audio-mixer/vivado/audio-mixer.sdk/audio_mixer_wrapper_hw_platform_0/audio_mixer_wrapper.bit"
14:18:22 INFO  : ps7_init is completed.
14:18:22 INFO  : ps7_post_config is completed.
14:18:22 INFO  : Processor reset is completed for ps7_cortexa9_0
14:20:21 ERROR : Unexpected error while parsing XMD response ?: com.google.gson.JsonSyntaxException: com.google.gson.stream.MalformedJsonException: invalid number or unquoted string near 
12:31:37 INFO  : Processing command line option -hwspec /home/INTRA/raogbe/workspace/soc-audio-mixer/vivado/audio-mixer.sdk/audio_mixer_wrapper.hdf.
12:31:38 INFO  : Launching XSDB server: xsdb -n -s /cad/x_15/SDK/2015.1/scripts/xsdb/xsdb/xsdb-server.tcl 2485
12:31:39 INFO  : XSDB server has started successfully.
12:43:37 INFO  : Processing command line option -hwspec /home/INTRA/raogbe/workspace/soc-audio-mixer/vivado/audio-mixer.sdk/audio_mixer_wrapper.hdf.
12:43:38 INFO  : Launching XSDB server: xsdb -n -s /cad/x_15/SDK/2015.1/scripts/xsdb/xsdb/xsdb-server.tcl 2485
12:43:39 INFO  : Checking for hwspec changes in the project audio_mixer_wrapper_hw_platform_1.
12:43:39 INFO  : SDK has detected change in the last modified timestamps for source hardware specification file Source:1461922982000,  Project:1461922245000
12:43:39 INFO  : The hardware specification for project 'audio_mixer_wrapper_hw_platform_1' is different from /home/INTRA/raogbe/workspace/soc-audio-mixer/vivado/audio-mixer.sdk/audio_mixer_wrapper.hdf.
12:43:39 INFO  : Copied contents of /home/INTRA/raogbe/workspace/soc-audio-mixer/vivado/audio-mixer.sdk/audio_mixer_wrapper.hdf into /audio_mixer_wrapper_hw_platform_1/system.hdf.
12:43:39 INFO  : XSDB server has started successfully.
12:47:58 INFO  : Processing command line option -hwspec /home/INTRA/raogbe/workspace/soc-audio-mixer/vivado/audio-mixer.sdk/audio_mixer_wrapper.hdf.
12:47:59 INFO  : Launching XSDB server: xsdb -n -s /cad/x_15/SDK/2015.1/scripts/xsdb/xsdb/xsdb-server.tcl 2492
12:47:59 INFO  : Checking for hwspec changes in the project audio_mixer_wrapper_hw_platform_1.
12:48:00 INFO  : XSDB server has started successfully.
13:02:51 INFO  : Invoking Bootgen: bootgen -image output.bif -o /home/INTRA/raogbe/workspace/soc-audio-mixer/sd-image/BOOT.bin
13:02:51 INFO  : Creating new bif file /home/INTRA/raogbe/workspace/soc-audio-mixer/sd-temp/output.bif
13:02:51 INFO  : Bootgen command execution is done.
13:14:33 INFO  : Processing command line option -hwspec /home/INTRA/rauno.padari/workspace/soc-audio-mixer/vivado/audio-mixer/audio-mixer.sdk/audio_mixer_wrapper.hdf.
13:14:33 INFO  : Launching XSDB server: xsdb -n -s /cad/x_15/SDK/2015.1/scripts/xsdb/xsdb/xsdb-server.tcl 2450
13:14:35 INFO  : XSDB server has started successfully.
13:14:40 INFO  : SDK has detected change in the last modified timestamps for source hardware specification file Source:1462368176000,  Project:1461922982000
13:14:40 INFO  : Project audio_mixer_wrapper_hw_platform_1's source hardware specification located at /home/INTRA/raogbe/workspace/soc-audio-mixer/vivado/audio-mixer.sdk/audio_mixer_wrapper.hdf is now different from the local copy.
		 The local copy will be replaced with the source specification and your workspace will be updated.
13:14:57 INFO  : Copied contents of /home/INTRA/raogbe/workspace/soc-audio-mixer/vivado/audio-mixer.sdk/audio_mixer_wrapper.hdf into /audio_mixer_wrapper_hw_platform_1/system.hdf.
13:15:02 INFO  : Synchronizing projects in the workspace with the hardware platform specification changes.
13:15:02 INFO  : Clearing existing target manager status.
13:15:05 INFO  : Workspace synchronized with the new hardware specification file. Cleaning dependent projects...
13:16:09 ERROR : Unexpected error while parsing XMD response ?: com.google.gson.JsonSyntaxException: com.google.gson.stream.MalformedJsonException: invalid number or unquoted string near 
13:16:23 INFO  : Processing command line option -hwspec /home/INTRA/rauno.padari/workspace/soc-audio-mixer/vivado/audio-mixer/audio-mixer.sdk/audio_mixer_wrapper.hdf.
13:16:24 INFO  : Launching XSDB server: xsdb -n -s /cad/x_15/SDK/2015.1/scripts/xsdb/xsdb/xsdb-server.tcl 2450
13:16:24 INFO  : Checking for hwspec changes in the project audio_mixer_wrapper_hw_platform_2.
13:16:25 INFO  : XSDB server has started successfully.
13:22:08 INFO  : Invoking Bootgen: bootgen -image output.bif -o /home/INTRA/rauno.padari/workspace/soc-audio-mixer/sd-image/BOOT.bin -w on
13:22:08 INFO  : Overwriting existing bif file /home/INTRA/rauno.padari/P/workspace/lab4/sd-temp/output.bif
13:22:08 INFO  : Bootgen command execution is done.
13:30:18 INFO  : Invoking Bootgen: bootgen -image output.bif -o /home/INTRA/rauno.padari/workspace/soc-audio-mixer/sd-image/BOOT.bin -w on
13:30:18 INFO  : Overwriting existing bif file /home/INTRA/rauno.padari/workspace/soc-audio-mixer/sd-temp/output.bif
13:30:18 INFO  : Bootgen command execution is done.
