#-----------------------------------------------------------
# Webtalk v2015.1 (64-bit)
# SW Build 1215546 on Mon Apr 27 19:19:00 MDT 2015
# 
# Start of session at: Thu May  5 13:16:05 2016
# Process ID: 14786
# Log file: /home/INTRA/rauno.padari/workspace/soc-audio-mixer/vivado/audio-mixer/audio-mixer.sdk/webtalk/webtalk.log
# Journal file: /home/INTRA/rauno.padari/workspace/soc-audio-mixer/vivado/audio-mixer/audio-mixer.sdk/webtalk/webtalk.jou
#-----------------------------------------------------------
source sdk_webtalk.tcl
# webtalk_init -webtalk_dir /home/INTRA/rauno.padari/workspace/soc-audio-mixer/vivado/audio-mixer/audio-mixer.sdk/webtalk
# webtalk_register_client -client project
# webtalk_add_data -client project -key date_generated -value "Thu May 5 13:16:05 2016" -context "software_version_and_target_device"
# webtalk_add_data -client project -key product_version -value "SDK v2015.1" -context "software_version_and_target_device"
# webtalk_add_data -client project -key build_version -value "2015.1" -context "software_version_and_target_device"
# webtalk_add_data -client project -key os_platform -value "amd64" -context "software_version_and_target_device"
# webtalk_add_data -client project -key registration_id -value "174123256_177724473_177724475_422" -context "software_version_and_target_device"
# webtalk_add_data -client project -key tool_flow -value "SDK" -context "software_version_and_target_device"
# webtalk_add_data -client project -key beta -value "false" -context "software_version_and_target_device"
# webtalk_add_data -client project -key route_design -value "NA" -context "software_version_and_target_device"
# webtalk_add_data -client project -key target_family -value "NA" -context "software_version_and_target_device"
# webtalk_add_data -client project -key target_device -value "NA" -context "software_version_and_target_device"
# webtalk_add_data -client project -key target_package -value "NA" -context "software_version_and_target_device"
# webtalk_add_data -client project -key target_speed -value "NA" -context "software_version_and_target_device"
# webtalk_add_data -client project -key random_id -value "js1gfv7rbdahp0415r27vhuie" -context "software_version_and_target_device"
# webtalk_add_data -client project -key project_id -value "2015.1_1" -context "software_version_and_target_device"
# webtalk_add_data -client project -key project_iteration -value "1" -context "software_version_and_target_device"
# webtalk_add_data -client project -key os_name -value "SUSE LINUX" -context "user_environment"
# webtalk_add_data -client project -key os_release -value "openSUSE Leap 42.1 (x86_64)" -context "user_environment"
# webtalk_add_data -client project -key cpu_name -value "Intel(R) Core(TM) i5-3470T CPU @ 2.90GHz" -context "user_environment"
# webtalk_add_data -client project -key cpu_speed -value "1884.320 MHz" -context "user_environment"
# webtalk_add_data -client project -key total_processors -value "1" -context "user_environment"
# webtalk_add_data -client project -key system_ram -value "16.000 GB" -context "user_environment"
# webtalk_register_client -client sdk
# webtalk_add_data -client sdk -key uid -value "1462443291000" -context "sdk\\\\hardware/1462443291000"
# webtalk_add_data -client sdk -key isZynq -value "true" -context "sdk\\\\hardware/1462443291000"
# webtalk_add_data -client sdk -key Processors -value "2" -context "sdk\\\\hardware/1462443291000"
# webtalk_add_data -client sdk -key VivadoVersion -value "2015.1" -context "sdk\\\\hardware/1462443291000"
# webtalk_add_data -client sdk -key Arch -value "zynq" -context "sdk\\\\hardware/1462443291000"
# webtalk_add_data -client sdk -key Device -value "7z020" -context "sdk\\\\hardware/1462443291000"
# webtalk_add_data -client sdk -key IsHandoff -value "true" -context "sdk\\\\hardware/1462443291000"
# webtalk_transmit -clientid 2305800076 -regid "174123256_177724473_177724475_422" -xml /home/INTRA/rauno.padari/workspace/soc-audio-mixer/vivado/audio-mixer/audio-mixer.sdk/webtalk/usage_statistics_ext_sdk.xml -html /home/INTRA/rauno.padari/workspace/soc-audio-mixer/vivado/audio-mixer/audio-mixer.sdk/webtalk/usage_statistics_ext_sdk.html -wdm /home/INTRA/rauno.padari/workspace/soc-audio-mixer/vivado/audio-mixer/audio-mixer.sdk/webtalk/sdk_webtalk.wdm -intro "<H3>SDK Usage Report</H3><BR>"
INFO: [Common 17-186] '/home/INTRA/rauno.padari/workspace/soc-audio-mixer/vivado/audio-mixer/audio-mixer.sdk/webtalk/usage_statistics_ext_sdk.xml' has been successfully sent to Xilinx on Thu May  5 13:16:07 2016. For additional details about this file, please refer to the WebTalk help file at /cad/x_15/SDK/2015.1/doc/webtalk_introduction.html.
# webtalk_terminate
INFO: [Common 17-206] Exiting Webtalk at Thu May  5 13:16:07 2016...
