#-----------------------------------------------------------
# Vivado v2015.1 (64-bit)
# SW Build 1215546 on Mon Apr 27 19:07:21 MDT 2015
# IP Build 1209967 on Tue Apr 21 11:39:20 MDT 2015
# Start of session at: Thu Apr 28 11:46:14 2016
# Process ID: 3067
# Log file: /home/INTRA/rauno.padari/workspace/soc-audio-mixer/vivado/vivado.log
# Journal file: /home/INTRA/rauno.padari/workspace/soc-audio-mixer/vivado/vivado.jou
#-----------------------------------------------------------
start_gui
open_project /home/INTRA/rauno.padari/workspace/soc-audio-mixer/vivado/audio-mixer.xpr
INFO: [Project 1-313] Project file moved from '/home/INTRA/rauno.padari/workspace/audio-mixer/vivado' since last save.
CRITICAL WARNING: [Project 1-311] Could not find the file '/home/INTRA/rauno.padari/workspace/soc-audio-mixer/ip_repo/zedboard_audio/constraints/zed_audio.xdc', nor could it be found using path '/home/INTRA/rauno.padari/workspace/audio-mixer/ip_repo/zedboard_audio/constraints/zed_audio.xdc'.
Scanning sources...
Finished scanning sources
INFO: [IP_Flow 19-234] Refreshing IP repositories
INFO: [IP_Flow 19-1700] Loaded user IP repository '/home/INTRA/rauno.padari/workspace/soc-audio-mixer/ip_repo/audio_to_axi/audio_to_axi_1.0'.
INFO: [IP_Flow 19-1700] Loaded user IP repository '/home/INTRA/rauno.padari/workspace/soc-audio-mixer/ip_repo/zedboard_audio'.
INFO: [IP_Flow 19-2313] Loaded Vivado IP repository '/cad/x_15/Vivado/2015.1/data/ip'.
WARNING: [BD 41-1661] One or more IPs have been locked in the design 'audio_mixer.bd'. Please run report_ip_status for more details and recommendations on how to fix this issue.
List of locked IPs:
audio_mixer_zed_audio_0_0

open_project: Time (s): cpu = 00:00:18 ; elapsed = 00:00:08 . Memory (MB): peak = 5800.375 ; gain = 154.281 ; free physical = 11381 ; free virtual = 15714
exit
INFO: [Common 17-206] Exiting Vivado at Thu Apr 28 11:47:08 2016...
