13:25:06 INFO  : Processing command line option -hwspec /home/INTRA/raogbe/workspace/soc-audio-mixer/vivado/step1/step1.sdk/design_1_wrapper.hdf.
13:25:11 INFO  : Launching XSDB server: xsdb -n -s /cad/x_15/SDK/2015.1/scripts/xsdb/xsdb/xsdb-server.tcl 2450
13:25:12 INFO  : XSDB server has started successfully.
13:36:40 INFO  : Invoking Bootgen: bootgen -image output.bif -o /home/INTRA/raogbe/workspace/soc-audio-mixer/sd-temp/BOOT.bin
13:36:40 INFO  : Creating new bif file /home/INTRA/raogbe/workspace/soc-audio-mixer/sd-temp/output.bif
13:36:40 INFO  : Bootgen command execution is done.
13:43:10 INFO  : Invoking Bootgen: bootgen -image output.bif -o /home/INTRA/raogbe/workspace/soc-audio-mixer/sd-temp/BOOT.bin -w on
13:43:10 INFO  : Overwriting existing bif file /home/INTRA/raogbe/workspace/soc-audio-mixer/sd-temp/output.bif
13:43:11 INFO  : Bootgen command execution is done.
14:56:12 INFO  : Processing command line option -hwspec /home/INTRA/raogbe/workspace/soc-audio-mixer/vivado/step1/step1.sdk/design_1_wrapper.hdf.
14:56:13 INFO  : Launching XSDB server: xsdb -n -s /cad/x_15/SDK/2015.1/scripts/xsdb/xsdb/xsdb-server.tcl 2450
14:56:13 INFO  : Checking for hwspec changes in the project design_1_wrapper_hw_platform_0.
14:56:14 INFO  : XSDB server has started successfully.
14:58:00 INFO  : Invoking Bootgen: bootgen -image output.bif -o /home/INTRA/raogbe/workspace/soc-audio-mixer/sd-image/BOOT.bin -w on
14:58:00 INFO  : Overwriting existing bif file /home/INTRA/raogbe/workspace/soc-audio-mixer/sd-temp/output.bif
14:58:00 INFO  : Bootgen command execution is done.
11:44:05 INFO  : Processing command line option -hwspec /home/INTRA/rauno.padari/workspace/soc-audio-mixer/vivado/step3/step3.sdk/design_1_wrapper.hdf.
11:44:06 INFO  : Launching XSDB server: xsdb -n -s /cad/x_15/SDK/2015.1/scripts/xsdb/xsdb/xsdb-server.tcl 2450
11:44:08 INFO  : XSDB server has started successfully.
11:51:17 INFO  : Processing command line option -hwspec /home/INTRA/rauno.padari/workspace/soc-audio-mixer/vivado/step3/step3.sdk/design_1_wrapper.hdf.
11:51:19 INFO  : Launching XSDB server: xsdb -n -s /cad/x_15/SDK/2015.1/scripts/xsdb/xsdb/xsdb-server.tcl 2457
11:51:19 INFO  : Checking for hwspec changes in the project design_1_wrapper_hw_platform_1.
11:51:20 INFO  : XSDB server has started successfully.
11:59:18 INFO  : Invoking Bootgen: bootgen -image output.bif -o /home/INTRA/rauno.padari/workspace/soc-audio-mixer/sd-temp/BOOT.bin -w on
11:59:18 INFO  : Overwriting existing bif file /home/INTRA/rauno.padari/workspace/soc-audio-mixer/sd-temp/output.bif
11:59:18 INFO  : Bootgen command execution is done.
14:01:44 INFO  : Processing command line option -hwspec /home/INTRA/rauno.padari/workspace/soc-audio-mixer/vivado/step3/step3.sdk/design_1_wrapper.hdf.
14:01:45 INFO  : Launching XSDB server: xsdb -n -s /cad/x_15/SDK/2015.1/scripts/xsdb/xsdb/xsdb-server.tcl 2457
14:01:45 INFO  : Checking for hwspec changes in the project design_1_wrapper_hw_platform_1.
14:01:46 INFO  : XSDB server has started successfully.
14:01:48 INFO  : SDK has detected change in the last modified timestamps for source hardware specification file Source:1464174031000,  Project:1464165602000
14:01:48 INFO  : The hardware specification for project 'design_1_wrapper_hw_platform_1' is different from /home/INTRA/rauno.padari/workspace/soc-audio-mixer/vivado/step3/step3.sdk/design_1_wrapper.hdf.
14:01:48 INFO  : Copied contents of /home/INTRA/rauno.padari/workspace/soc-audio-mixer/vivado/step3/step3.sdk/design_1_wrapper.hdf into /design_1_wrapper_hw_platform_1/system.hdf.
14:01:52 INFO  : Synchronizing projects in the workspace with the hardware platform specification changes.
14:01:52 INFO  : Clearing existing target manager status.
14:01:56 INFO  : Workspace synchronized with the new hardware specification file. Cleaning dependent projects...
14:11:39 INFO  : Processing command line option -hwspec /home/INTRA/rauno.padari/workspace/soc-audio-mixer/vivado/step3/step3.sdk/design_1_wrapper.hdf.
14:11:40 INFO  : Launching XSDB server: xsdb -n -s /cad/x_15/SDK/2015.1/scripts/xsdb/xsdb/xsdb-server.tcl 2464
14:11:40 INFO  : Checking for hwspec changes in the project design_1_wrapper_hw_platform_1.
14:11:41 INFO  : XSDB server has started successfully.
14:14:17 INFO  : Processing command line option -hwspec /home/INTRA/rauno.padari/workspace/soc-audio-mixer/vivado/step3/step3.sdk/design_1_wrapper.hdf.
14:14:17 INFO  : Launching XSDB server: xsdb -n -s /cad/x_15/SDK/2015.1/scripts/xsdb/xsdb/xsdb-server.tcl 2471
14:14:18 INFO  : Checking for hwspec changes in the project design_1_wrapper_hw_platform_1.
14:14:18 INFO  : XSDB server has started successfully.
14:15:11 INFO  : Processing command line option -hwspec /home/INTRA/rauno.padari/workspace/soc-audio-mixer/vivado/step3/step3.sdk/design_1_wrapper.hdf.
14:15:11 INFO  : Launching XSDB server: xsdb -n -s /cad/x_15/SDK/2015.1/scripts/xsdb/xsdb/xsdb-server.tcl 2478
14:15:12 INFO  : Checking for hwspec changes in the project design_1_wrapper_hw_platform_1.
14:15:12 INFO  : XSDB server has started successfully.
14:16:49 INFO  : Processing command line option -hwspec /home/INTRA/rauno.padari/workspace/soc-audio-mixer/vivado/step3/step3.sdk/design_1_wrapper.hdf.
14:16:50 INFO  : Launching XSDB server: xsdb -n -s /cad/x_15/SDK/2015.1/scripts/xsdb/xsdb/xsdb-server.tcl 2485
14:16:50 INFO  : Checking for hwspec changes in the project design_1_wrapper_hw_platform_1.
14:16:51 INFO  : XSDB server has started successfully.
14:18:19 INFO  : Processing command line option -hwspec /home/INTRA/rauno.padari/workspace/soc-audio-mixer/vivado/step3/step3.sdk/design_1_wrapper.hdf.
14:18:20 INFO  : Launching XSDB server: xsdb -n -s /cad/x_15/SDK/2015.1/scripts/xsdb/xsdb/xsdb-server.tcl 2492
14:18:20 INFO  : Checking for hwspec changes in the project design_1_wrapper_hw_platform_1.
14:18:21 INFO  : XSDB server has started successfully.
14:19:29 INFO  : Processing command line option -hwspec /home/INTRA/rauno.padari/workspace/soc-audio-mixer/vivado/step3/step3.sdk/design_1_wrapper.hdf.
14:19:30 INFO  : Launching XSDB server: xsdb -n -s /cad/x_15/SDK/2015.1/scripts/xsdb/xsdb/xsdb-server.tcl 2499
14:19:30 INFO  : Checking for hwspec changes in the project design_1_wrapper_hw_platform_1.
14:19:31 INFO  : XSDB server has started successfully.
14:32:28 INFO  : Processing command line option -hwspec /home/INTRA/rauno.padari/workspace/soc-audio-mixer/vivado/step3/step3.sdk/design_1_wrapper.hdf.
14:32:29 INFO  : Launching XSDB server: xsdb -n -s /cad/x_15/SDK/2015.1/scripts/xsdb/xsdb/xsdb-server.tcl 2506
14:32:29 INFO  : Checking for hwspec changes in the project design_1_wrapper_hw_platform_1.
14:32:30 INFO  : XSDB server has started successfully.
14:32:32 INFO  : SDK has detected change in the last modified timestamps for source hardware specification file Source:1464175697000,  Project:1464174031000
14:32:32 INFO  : The hardware specification for project 'design_1_wrapper_hw_platform_1' is different from /home/INTRA/rauno.padari/workspace/soc-audio-mixer/vivado/step3/step3.sdk/design_1_wrapper.hdf.
14:32:32 INFO  : Copied contents of /home/INTRA/rauno.padari/workspace/soc-audio-mixer/vivado/step3/step3.sdk/design_1_wrapper.hdf into /design_1_wrapper_hw_platform_1/system.hdf.
14:32:36 INFO  : Synchronizing projects in the workspace with the hardware platform specification changes.
14:32:38 INFO  : Clearing existing target manager status.
14:32:40 INFO  : Workspace synchronized with the new hardware specification file. Cleaning dependent projects...
14:48:44 INFO  : Processing command line option -hwspec /home/INTRA/rauno.padari/workspace/soc-audio-mixer/vivado/step3/step3.sdk/design_1_wrapper.hdf.
14:48:44 INFO  : Launching XSDB server: xsdb -n -s /cad/x_15/SDK/2015.1/scripts/xsdb/xsdb/xsdb-server.tcl 2513
14:48:45 INFO  : Checking for hwspec changes in the project design_1_wrapper_hw_platform_1.
14:48:45 INFO  : XSDB server has started successfully.
14:51:26 INFO  : Processing command line option -hwspec /home/INTRA/rauno.padari/workspace/soc-audio-mixer/vivado/step3/step3.sdk/design_1_wrapper.hdf.
14:51:26 INFO  : Launching XSDB server: xsdb -n -s /cad/x_15/SDK/2015.1/scripts/xsdb/xsdb/xsdb-server.tcl 2520
14:51:27 INFO  : Checking for hwspec changes in the project design_1_wrapper_hw_platform_1.
14:51:27 INFO  : XSDB server has started successfully.
15:07:17 INFO  : Processing command line option -hwspec /home/INTRA/rauno.padari/workspace/soc-audio-mixer/vivado/step3/step3.sdk/design_1_wrapper.hdf.
15:07:18 INFO  : Launching XSDB server: xsdb -n -s /cad/x_15/SDK/2015.1/scripts/xsdb/xsdb/xsdb-server.tcl 2527
15:07:18 INFO  : Checking for hwspec changes in the project design_1_wrapper_hw_platform_1.
15:07:19 INFO  : XSDB server has started successfully.
11:38:07 INFO  : Processing command line option -hwspec /home/INTRA/rauno.padari/workspace/soc-audio-mixer/vivado/step3/step3.sdk/design_1_wrapper.hdf.
11:38:08 INFO  : Launching XSDB server: xsdb -n -s /cad/x_15/SDK/2015.1/scripts/xsdb/xsdb/xsdb-server.tcl 2527
11:38:08 INFO  : Checking for hwspec changes in the project design_1_wrapper_hw_platform_1.
11:38:09 INFO  : XSDB server has started successfully.
11:49:37 INFO  : Processing command line option -hwspec /home/INTRA/rauno.padari/workspace/soc-audio-mixer/vivado/step3/step3.sdk/design_1_wrapper.hdf.
11:49:38 INFO  : Launching XSDB server: xsdb -n -s /cad/x_15/SDK/2015.1/scripts/xsdb/xsdb/xsdb-server.tcl 2534
11:49:39 INFO  : Checking for hwspec changes in the project design_1_wrapper_hw_platform_1.
11:49:39 INFO  : XSDB server has started successfully.
11:49:41 INFO  : SDK has detected change in the last modified timestamps for source hardware specification file Source:1464857275000,  Project:1464175697000
11:49:41 INFO  : The hardware specification for project 'design_1_wrapper_hw_platform_1' is different from /home/INTRA/rauno.padari/workspace/soc-audio-mixer/vivado/step3/step3.sdk/design_1_wrapper.hdf.
11:49:41 INFO  : Copied contents of /home/INTRA/rauno.padari/workspace/soc-audio-mixer/vivado/step3/step3.sdk/design_1_wrapper.hdf into /design_1_wrapper_hw_platform_1/system.hdf.
11:49:45 INFO  : Synchronizing projects in the workspace with the hardware platform specification changes.
11:49:46 INFO  : Clearing existing target manager status.
11:49:48 INFO  : Workspace synchronized with the new hardware specification file. Cleaning dependent projects...
12:05:13 INFO  : Processing command line option -hwspec /home/INTRA/rauno.padari/workspace/soc-audio-mixer/vivado/step3/step3.sdk/design_1_wrapper.hdf.
12:05:14 INFO  : Launching XSDB server: xsdb -n -s /cad/x_15/SDK/2015.1/scripts/xsdb/xsdb/xsdb-server.tcl 2541
12:05:15 INFO  : Checking for hwspec changes in the project design_1_wrapper_hw_platform_1.
12:05:15 INFO  : XSDB server has started successfully.
12:05:17 INFO  : SDK has detected change in the last modified timestamps for source hardware specification file Source:1464858206000,  Project:1464857275000
12:05:17 INFO  : The hardware specification for project 'design_1_wrapper_hw_platform_1' is different from /home/INTRA/rauno.padari/workspace/soc-audio-mixer/vivado/step3/step3.sdk/design_1_wrapper.hdf.
12:05:17 INFO  : Copied contents of /home/INTRA/rauno.padari/workspace/soc-audio-mixer/vivado/step3/step3.sdk/design_1_wrapper.hdf into /design_1_wrapper_hw_platform_1/system.hdf.
12:05:21 INFO  : Synchronizing projects in the workspace with the hardware platform specification changes.
12:05:23 INFO  : Clearing existing target manager status.
12:05:25 INFO  : Workspace synchronized with the new hardware specification file. Cleaning dependent projects...
12:06:51 INFO  : Processing command line option -hwspec /home/INTRA/rauno.padari/workspace/soc-audio-mixer/vivado/step3/step3.sdk/design_1_wrapper.hdf.
12:06:52 INFO  : Launching XSDB server: xsdb -n -s /cad/x_15/SDK/2015.1/scripts/xsdb/xsdb/xsdb-server.tcl 2548
12:06:52 INFO  : Checking for hwspec changes in the project design_1_wrapper_hw_platform_1.
12:06:53 INFO  : XSDB server has started successfully.
12:07:52 INFO  : Processing command line option -hwspec /home/INTRA/rauno.padari/workspace/soc-audio-mixer/vivado/step3/step3.sdk/design_1_wrapper.hdf.
12:07:53 INFO  : Launching XSDB server: xsdb -n -s /cad/x_15/SDK/2015.1/scripts/xsdb/xsdb/xsdb-server.tcl 2555
12:07:53 INFO  : Checking for hwspec changes in the project design_1_wrapper_hw_platform_1.
12:07:54 INFO  : XSDB server has started successfully.
12:08:52 INFO  : Project 'design_1_wrapper_hw_platform_2' created. You can now create BSPs and application projects targeting this hardware platform.
12:13:30 INFO  : Invoking Bootgen: bootgen -image output.bif -o /home/INTRA/rauno.padari/workspace/soc-audio-mixer/sd-temp/BOOT.bin -w on
12:13:30 INFO  : Overwriting existing bif file /home/INTRA/rauno.padari/workspace/soc-audio-mixer/sd-temp/output.bif
12:13:30 INFO  : Bootgen command execution is done.
