#-----------------------------------------------------------
# Webtalk v2015.1 (64-bit)
# SW Build 1215546 on Mon Apr 27 19:19:00 MDT 2015
# 
# Start of session at: Wed May 11 15:41:47 2016
# Process ID: 12489
# Log file: /home/INTRA/raogbe/workspace/soc-audio-mixer/vivado_new/vivado_new.sdk/webtalk/webtalk.log
# Journal file: /home/INTRA/raogbe/workspace/soc-audio-mixer/vivado_new/vivado_new.sdk/webtalk/webtalk.jou
#-----------------------------------------------------------
source sdk_webtalk.tcl
# webtalk_init -webtalk_dir /home/INTRA/raogbe/workspace/soc-audio-mixer/vivado_new/vivado_new.sdk/webtalk
# webtalk_register_client -client project
# webtalk_add_data -client project -key date_generated -value "Wed May 11 15:41:47 2016" -context "software_version_and_target_device"
# webtalk_add_data -client project -key product_version -value "SDK v2015.1" -context "software_version_and_target_device"
# webtalk_add_data -client project -key build_version -value "2015.1" -context "software_version_and_target_device"
# webtalk_add_data -client project -key os_platform -value "amd64" -context "software_version_and_target_device"
# webtalk_add_data -client project -key registration_id -value "174123256_177724473_177724475_422" -context "software_version_and_target_device"
# webtalk_add_data -client project -key tool_flow -value "SDK" -context "software_version_and_target_device"
# webtalk_add_data -client project -key beta -value "false" -context "software_version_and_target_device"
# webtalk_add_data -client project -key route_design -value "NA" -context "software_version_and_target_device"
# webtalk_add_data -client project -key target_family -value "NA" -context "software_version_and_target_device"
# webtalk_add_data -client project -key target_device -value "NA" -context "software_version_and_target_device"
# webtalk_add_data -client project -key target_package -value "NA" -context "software_version_and_target_device"
# webtalk_add_data -client project -key target_speed -value "NA" -context "software_version_and_target_device"
# webtalk_add_data -client project -key random_id -value "s9d867qfgm8qkem2gojf21ggqq" -context "software_version_and_target_device"
# webtalk_add_data -client project -key project_id -value "2015.1_1" -context "software_version_and_target_device"
# webtalk_add_data -client project -key project_iteration -value "1" -context "software_version_and_target_device"
# webtalk_add_data -client project -key os_name -value "SUSE LINUX" -context "user_environment"
# webtalk_add_data -client project -key os_release -value "openSUSE Leap 42.1 (x86_64)" -context "user_environment"
# webtalk_add_data -client project -key cpu_name -value "Intel(R) Core(TM) i5-3470T CPU @ 2.90GHz" -context "user_environment"
# webtalk_add_data -client project -key cpu_speed -value "1858.378 MHz" -context "user_environment"
# webtalk_add_data -client project -key total_processors -value "1" -context "user_environment"
# webtalk_add_data -client project -key system_ram -value "16.000 GB" -context "user_environment"
# webtalk_register_client -client sdk
# webtalk_add_data -client sdk -key uid -value "1462969975000" -context "sdk\\\\hardware/1462969975000"
# webtalk_add_data -client sdk -key isZynq -value "true" -context "sdk\\\\hardware/1462969975000"
# webtalk_add_data -client sdk -key Processors -value "2" -context "sdk\\\\hardware/1462969975000"
# webtalk_add_data -client sdk -key VivadoVersion -value "2015.1" -context "sdk\\\\hardware/1462969975000"
# webtalk_add_data -client sdk -key Arch -value "zynq" -context "sdk\\\\hardware/1462969975000"
# webtalk_add_data -client sdk -key Device -value "7z020" -context "sdk\\\\hardware/1462969975000"
# webtalk_add_data -client sdk -key IsHandoff -value "true" -context "sdk\\\\hardware/1462969975000"
# webtalk_transmit -clientid 3924760078 -regid "174123256_177724473_177724475_422" -xml /home/INTRA/raogbe/workspace/soc-audio-mixer/vivado_new/vivado_new.sdk/webtalk/usage_statistics_ext_sdk.xml -html /home/INTRA/raogbe/workspace/soc-audio-mixer/vivado_new/vivado_new.sdk/webtalk/usage_statistics_ext_sdk.html -wdm /home/INTRA/raogbe/workspace/soc-audio-mixer/vivado_new/vivado_new.sdk/webtalk/sdk_webtalk.wdm -intro "<H3>SDK Usage Report</H3><BR>"
INFO: [Common 17-186] '/home/INTRA/raogbe/workspace/soc-audio-mixer/vivado_new/vivado_new.sdk/webtalk/usage_statistics_ext_sdk.xml' has been successfully sent to Xilinx on Wed May 11 15:41:50 2016. For additional details about this file, please refer to the WebTalk help file at /cad/x_15/SDK/2015.1/doc/webtalk_introduction.html.
# webtalk_terminate
INFO: [Common 17-206] Exiting Webtalk at Wed May 11 15:41:50 2016...
