#-----------------------------------------------------------
# Vivado v2015.1 (64-bit)
# SW Build 1215546 on Mon Apr 27 19:07:21 MDT 2015
# IP Build 1209967 on Tue Apr 21 11:39:20 MDT 2015
# Start of session at: Wed May 25 14:47:18 2016
# Process ID: 21217
# Log file: /home/INTRA/rauno.padari/workspace/soc-audio-mixer/vivado/vivado.log
# Journal file: /home/INTRA/rauno.padari/workspace/soc-audio-mixer/vivado/vivado.jou
#-----------------------------------------------------------
start_gui
open_project /home/INTRA/rauno.padari/workspace/soc-audio-mixer/vivado/step3/step3.xpr
Scanning sources...
Finished scanning sources
INFO: [IP_Flow 19-234] Refreshing IP repositories
INFO: [IP_Flow 19-1700] Loaded user IP repository '/home/INTRA/rauno.padari/workspace/soc-audio-mixer/ip_repo/zedboard_audio'.
INFO: [IP_Flow 19-1700] Loaded user IP repository '/home/INTRA/rauno.padari/workspace/soc-audio-mixer/vivado/ip_repo/AXI_to_Audio_1.0'.
INFO: [IP_Flow 19-1700] Loaded user IP repository '/home/INTRA/rauno.padari/workspace/soc-audio-mixer/vivado/ip_repo/Audio_to_AXI_1.0'.
INFO: [IP_Flow 19-1700] Loaded user IP repository '/home/INTRA/rauno.padari/workspace/soc-audio-mixer/git/SoC_Design/IPs/Audio_Mixer'.
INFO: [IP_Flow 19-1700] Loaded user IP repository '/home/INTRA/rauno.padari/workspace/soc-audio-mixer/git/ip_repo_vivado/FILTER_IIR_1.0'.
INFO: [IP_Flow 19-1700] Loaded user IP repository '/home/INTRA/rauno.padari/workspace/soc-audio-mixer/ip_repo/Volume_Pregain'.
INFO: [IP_Flow 19-2313] Loaded Vivado IP repository '/cad/x_15/Vivado/2015.1/data/ip'.
open_project: Time (s): cpu = 00:00:19 ; elapsed = 00:00:08 . Memory (MB): peak = 5791.227 ; gain = 140.133 ; free physical = 9710 ; free virtual = 14775
open_bd_design {/home/INTRA/rauno.padari/workspace/soc-audio-mixer/vivado/step3/step3.srcs/sources_1/bd/design_1/design_1.bd}
Adding component instance block -- xilinx.com:ip:processing_system7:5.5 - processing_system7_0
Adding component instance block -- xilinx.com:ip:xlconstant:1.1 - xlconstant_0
Adding component instance block -- user.org:user:Audio_to_AXI:1.0 - Audio_to_AXI_0
Adding component instance block -- xilinx.com:ip:proc_sys_reset:5.0 - rst_processing_system7_0_100M
Adding component instance block -- user.org:user:AXI_to_Audio:1.0 - AXI_to_Audio_0
Adding component instance block -- tsotnep:userLibrary:audio_mixer:1.0 - audio_mixer_0
Adding component instance block -- user.org:user:AXI_to_Audio:1.0 - AXI_to_Audio_1
Adding component instance block -- user.org:user:zedboard_audio:1.0 - zedboard_audio_0
Adding component instance block -- tsotnep:userLibrary:FILTER_IIR:1.0 - FILTER_IIR_0
Adding component instance block -- tsotnep:userLibrary:FILTER_IIR:1.0 - FILTER_IIR_1
Adding component instance block -- tsotnep:userLibrary:Volume_Pregain:1.0 - Volume_Pregain_0
Adding component instance block -- tsotnep:userLibrary:Volume_Pregain:1.0 - Volume_Pregain_1
Adding component instance block -- xilinx.com:ip:axi_crossbar:2.1 - xbar
Adding component instance block -- xilinx.com:ip:axi_protocol_converter:2.1 - auto_pc
Successfully read diagram <design_1> from BD file </home/INTRA/rauno.padari/workspace/soc-audio-mixer/vivado/step3/step3.srcs/sources_1/bd/design_1/design_1.bd>
file copy -force /home/INTRA/rauno.padari/workspace/soc-audio-mixer/vivado/step3/step3.runs/impl_1/design_1_wrapper.sysdef /home/INTRA/rauno.padari/workspace/soc-audio-mixer/vivado/step3/step3.sdk/design_1_wrapper.hdf

launch_sdk -workspace /home/INTRA/rauno.padari/workspace/soc-audio-mixer/vivado/step3/step3.sdk -hwspec /home/INTRA/rauno.padari/workspace/soc-audio-mixer/vivado/step3/step3.sdk/design_1_wrapper.hdf
INFO: [Vivado 12-393] Launching SDK...
INFO: [Vivado 12-417] Running xsdk -workspace /home/INTRA/rauno.padari/workspace/soc-audio-mixer/vivado/step3/step3.sdk -hwspec /home/INTRA/rauno.padari/workspace/soc-audio-mixer/vivado/step3/step3.sdk/design_1_wrapper.hdf
INFO: [Vivado 12-3157] SDK launch initiated. Please check console for any further messages.
launch_sdk -workspace /home/INTRA/rauno.padari/workspace/soc-audio-mixer/vivado/step3/step3.sdk -hwspec /home/INTRA/rauno.padari/workspace/soc-audio-mixer/vivado/step3/step3.sdk/design_1_wrapper.hdf
INFO: [Vivado 12-393] Launching SDK...
INFO: [Vivado 12-417] Running xsdk -workspace /home/INTRA/rauno.padari/workspace/soc-audio-mixer/vivado/step3/step3.sdk -hwspec /home/INTRA/rauno.padari/workspace/soc-audio-mixer/vivado/step3/step3.sdk/design_1_wrapper.hdf
INFO: [Vivado 12-3157] SDK launch initiated. Please check console for any further messages.
launch_sdk -workspace /home/INTRA/rauno.padari/workspace/soc-audio-mixer/vivado/step3/step3.sdk -hwspec /home/INTRA/rauno.padari/workspace/soc-audio-mixer/vivado/step3/step3.sdk/design_1_wrapper.hdf
INFO: [Vivado 12-393] Launching SDK...
INFO: [Vivado 12-417] Running xsdk -workspace /home/INTRA/rauno.padari/workspace/soc-audio-mixer/vivado/step3/step3.sdk -hwspec /home/INTRA/rauno.padari/workspace/soc-audio-mixer/vivado/step3/step3.sdk/design_1_wrapper.hdf
INFO: [Vivado 12-3157] SDK launch initiated. Please check console for any further messages.
exit
INFO: [Common 17-206] Exiting Vivado at Wed May 25 15:08:11 2016...
