#-----------------------------------------------------------
# Vivado v2015.1 (64-bit)
# SW Build 1215546 on Mon Apr 27 19:07:21 MDT 2015
# IP Build 1209967 on Tue Apr 21 11:39:20 MDT 2015
# Start of session at: Wed Apr 27 14:46:23 2016
# Process ID: 3081
# Log file: /home/INTRA/rauno.padari/workspace/audio-mixer/vivado/vivado.log
# Journal file: /home/INTRA/rauno.padari/workspace/audio-mixer/vivado/vivado.jou
#-----------------------------------------------------------
start_gui
open_project /home/INTRA/rauno.padari/workspace/audio-mixer/vivado/audio-mixer.xpr
Scanning sources...
Finished scanning sources
INFO: [IP_Flow 19-234] Refreshing IP repositories
INFO: [IP_Flow 19-1700] Loaded user IP repository '/home/INTRA/rauno.padari/workspace/audio-mixer/ip_repo/zedboard_audio'.
INFO: [IP_Flow 19-2313] Loaded Vivado IP repository '/cad/x_15/Vivado/2015.1/data/ip'.
open_project: Time (s): cpu = 00:00:17 ; elapsed = 00:00:07 . Memory (MB): peak = 5775.383 ; gain = 127.910 ; free physical = 6654 ; free virtual = 15376
open_bd_design {/home/INTRA/rauno.padari/workspace/audio-mixer/vivado/audio-mixer.srcs/sources_1/bd/audio_mixer/audio_mixer.bd}
Adding component instance block -- xilinx.com:ip:processing_system7:5.5 - processing_system7_0
Adding component instance block -- user.org:user:zed_audio:1.0 - zed_audio_0
Successfully read diagram <audio_mixer> from BD file </home/INTRA/rauno.padari/workspace/audio-mixer/vivado/audio-mixer.srcs/sources_1/bd/audio_mixer/audio_mixer.bd>
open_bd_design: Time (s): cpu = 00:00:12 ; elapsed = 00:00:06 . Memory (MB): peak = 6125.949 ; gain = 344.090 ; free physical = 6559 ; free virtual = 15287
WARNING: [IP_Flow 19-3899] Cannot get the environment domain name variable for the component vendor name. Setting the vendor name to 'user.org'.
WARNING: [IP_Flow 19-3899] Cannot get the environment domain name variable for the component vendor name. Setting the vendor name to 'user.org'.
WARNING: [IP_Flow 19-3899] Cannot get the environment domain name variable for the component vendor name. Setting the vendor name to 'user.org'.
create_peripheral user.org user audio_to_axi 1.0 -dir /home/INTRA/rauno.padari/workspace/audio-mixer/ip_repo/audio_to_axi
add_peripheral_interface S00_AXI -interface_mode slave -axi_type lite [ipx::find_open_core user.org:user:audio_to_axi:1.0]
set_property VALUE 7 [ipx::get_bus_parameters WIZ_NUM_REG -of_objects [ipx::get_bus_interfaces S00_AXI -of_objects [ipx::find_open_core user.org:user:audio_to_axi:1.0]]]
generate_peripheral -driver -bfm_example_design -debug_hw_example_design [ipx::find_open_core user.org:user:audio_to_axi:1.0]
write_peripheral [ipx::find_open_core user.org:user:audio_to_axi:1.0]
set_property  ip_repo_paths  {/home/INTRA/rauno.padari/workspace/audio-mixer/ip_repo/audio_to_axi/audio_to_axi_1.0 /home/INTRA/rauno.padari/workspace/audio-mixer/ip_repo/zedboard_audio} [current_project]
update_ip_catalog -rebuild
INFO: [IP_Flow 19-234] Refreshing IP repositories
INFO: [IP_Flow 19-1700] Loaded user IP repository '/home/INTRA/rauno.padari/workspace/audio-mixer/ip_repo/audio_to_axi/audio_to_axi_1.0'.
INFO: [IP_Flow 19-1700] Loaded user IP repository '/home/INTRA/rauno.padari/workspace/audio-mixer/ip_repo/zedboard_audio'.
ipx::edit_ip_in_project -upgrade true -name edit_audio_to_axi_v1_0 -directory /home/INTRA/rauno.padari/workspace/audio-mixer/ip_repo/audio_to_axi /home/INTRA/rauno.padari/workspace/audio-mixer/ip_repo/audio_to_axi/audio_to_axi_1.0/component.xml
INFO: [IP_Flow 19-234] Refreshing IP repositories
INFO: [IP_Flow 19-1704] No user IP repositories specified
INFO: [IP_Flow 19-2313] Loaded Vivado IP repository '/cad/x_15/Vivado/2015.1/data/ip'.
INFO: [IP_Flow 19-234] Refreshing IP repositories
INFO: [IP_Flow 19-1700] Loaded user IP repository '/home/INTRA/rauno.padari/workspace/audio-mixer/ip_repo/audio_to_axi/audio_to_axi_1.0'.
INFO: [IP_Flow 19-1700] Loaded user IP repository '/home/INTRA/rauno.padari/workspace/audio-mixer/ip_repo/zedboard_audio'.
update_compile_order -fileset sim_1
file mkdir /home/INTRA/rauno.padari/workspace/audio-mixer/ip_repo/audio_to_axi/edit_audio_to_axi_v1_0.srcs/sources_1/new
close [ open /home/INTRA/rauno.padari/workspace/audio-mixer/ip_repo/audio_to_axi/audio_to_axi_1.0/hdl/audio_to_axi.vhd w ]
add_files /home/INTRA/rauno.padari/workspace/audio-mixer/ip_repo/audio_to_axi/audio_to_axi_1.0/hdl/audio_to_axi.vhd
update_compile_order -fileset sources_1
remove_files /home/INTRA/rauno.padari/workspace/audio-mixer/ip_repo/audio_to_axi/audio_to_axi_1.0/hdl/audio_to_axi.vhd
ipx::merge_project_changes files [ipx::current_core]
WARNING: [IP_Flow 19-3899] Cannot get the environment domain name variable for the component vendor name. Setting the vendor name to 'user.org'.
WARNING: [IP_Flow 19-3899] Cannot get the environment domain name variable for the component vendor name. Setting the vendor name to 'user.org'.
ipx::create_xgui_files [ipx::current_core]
ipx::update_checksums [ipx::current_core]
ipx::save_core [ipx::current_core]
close_project -delete
****** Webtalk v2015.1 (64-bit)
  **** SW Build 1215546 on Mon Apr 27 19:07:21 MDT 2015
  **** IP Build 1209967 on Tue Apr 21 11:39:20 MDT 2015
    ** Copyright 1986-2015 Xilinx, Inc. All Rights Reserved.

source /home/INTRA/rauno.padari/workspace/audio-mixer/ip_repo/audio_to_axi/edit_audio_to_axi_v1_0.hw/webtalk/labtool_webtalk.tcl -notrace
INFO: [Common 17-186] '/home/INTRA/rauno.padari/workspace/audio-mixer/ip_repo/audio_to_axi/edit_audio_to_axi_v1_0.hw/webtalk/usage_statistics_ext_labtool.xml' has been successfully sent to Xilinx on Wed Apr 27 15:33:28 2016. For additional details about this file, please refer to the WebTalk help file at /cad/x_15/Vivado/2015.1/doc/webtalk_introduction.html.
INFO: [Common 17-206] Exiting Webtalk at Wed Apr 27 15:33:28 2016...
update_ip_catalog -rebuild -repo_path /home/INTRA/rauno.padari/workspace/audio-mixer/ip_repo/audio_to_axi/audio_to_axi_1.0
INFO: [IP_Flow 19-725] Reloaded user IP repository '/home/INTRA/rauno.padari/workspace/audio-mixer/ip_repo/audio_to_axi/audio_to_axi_1.0'
startgroup
create_bd_cell -type ip -vlnv user.org:user:audio_to_axi:1.0 audio_to_axi_0
endgroup
apply_bd_automation -rule xilinx.com:bd_rule:axi4 -config {Master "/processing_system7_0/M_AXI_GP0" Clk "Auto" }  [get_bd_intf_pins audio_to_axi_0/S00_AXI]
INFO: [Ipptcl 7-578] No Compatible Board Interface found.Board Tab not created
</audio_to_axi_0/S00_AXI/S00_AXI_reg> is being mapped into </processing_system7_0/Data> at <0x43C00000[ 64K ]>
save_bd_design
WARNING: [BD 41-597] NET <hphone_l_valid_1> has no source
Wrote  : </home/INTRA/rauno.padari/workspace/audio-mixer/vivado/audio-mixer.srcs/sources_1/bd/audio_mixer/audio_mixer.bd> 
